<?xml version="1.0" encoding="UTF-8"?>
<testng-results ignored="0" total="2" passed="2" failed="0" skipped="0">
  <reporter-output>
  </reporter-output>
  <suite started-at="2023-08-22T20:26:36 MDT" name="InetBankingV1" finished-at="2023-08-22T20:26:45 MDT" duration-ms="9816">
    <groups>
    </groups>
    <test started-at="2023-08-22T20:26:36 MDT" name="BankingApp Test" finished-at="2023-08-22T20:26:45 MDT" duration-ms="9816">
      <class name="com.inetbanking.testcases.TC_LoginTest_002">
        <test-method is-config="true" signature="setup(java.lang.String)[pri:0, instance:com.inetbanking.testcases.TC_LoginTest_002@21337f7b]" started-at="2023-08-22T20:26:41 MDT" name="setup" finished-at="2023-08-22T20:26:43 MDT" duration-ms="2481" status="PASS">
          <params>
            <param index="0">
              <value>
                <![CDATA[firefox]]>
              </value>
            </param>
          </params>
          <reporter-output>
          </reporter-output>
        </test-method> <!-- setup -->
        <test-method signature="loginTest()[pri:0, instance:com.inetbanking.testcases.TC_LoginTest_002@21337f7b]" started-at="2023-08-22T20:26:43 MDT" name="loginTest" finished-at="2023-08-22T20:26:45 MDT" duration-ms="1346" status="PASS">
          <reporter-output>
          </reporter-output>
        </test-method> <!-- loginTest -->
        <test-method is-config="true" signature="tearDown()[pri:0, instance:com.inetbanking.testcases.TC_LoginTest_002@21337f7b]" started-at="2023-08-22T20:26:45 MDT" name="tearDown" finished-at="2023-08-22T20:26:45 MDT" duration-ms="614" status="PASS">
          <reporter-output>
          </reporter-output>
        </test-method> <!-- tearDown -->
      </class> <!-- com.inetbanking.testcases.TC_LoginTest_002 -->
      <class name="com.inetbanking.testcases.TC_LoginTest_001">
        <test-method is-config="true" signature="setup(java.lang.String)[pri:0, instance:com.inetbanking.testcases.TC_LoginTest_001@6cce16f4]" started-at="2023-08-22T20:26:36 MDT" name="setup" finished-at="2023-08-22T20:26:39 MDT" duration-ms="3758" status="PASS">
          <params>
            <param index="0">
              <value>
                <![CDATA[firefox]]>
              </value>
            </param>
          </params>
          <reporter-output>
          </reporter-output>
        </test-method> <!-- setup -->
        <test-method signature="loginTest()[pri:0, instance:com.inetbanking.testcases.TC_LoginTest_001@6cce16f4]" started-at="2023-08-22T20:26:39 MDT" name="loginTest" finished-at="2023-08-22T20:26:40 MDT" duration-ms="863" status="PASS">
          <reporter-output>
          </reporter-output>
        </test-method> <!-- loginTest -->
        <test-method is-config="true" signature="tearDown()[pri:0, instance:com.inetbanking.testcases.TC_LoginTest_001@6cce16f4]" started-at="2023-08-22T20:26:40 MDT" name="tearDown" finished-at="2023-08-22T20:26:41 MDT" duration-ms="664" status="PASS">
          <reporter-output>
          </reporter-output>
        </test-method> <!-- tearDown -->
      </class> <!-- com.inetbanking.testcases.TC_LoginTest_001 -->
    </test> <!-- BankingApp Test -->
  </suite> <!-- InetBankingV1 -->
</testng-results>
