<?xml version="1.0" encoding="UTF-8"?>
<testng-results ignored="0" total="2" passed="2" failed="0" skipped="0">
  <reporter-output>
  </reporter-output>
  <suite started-at="2023-08-22T20:24:17 MDT" name="InetBankingV1" finished-at="2023-08-22T20:24:32 MDT" duration-ms="14946">
    <groups>
    </groups>
    <test started-at="2023-08-22T20:24:17 MDT" name="BankingApp Test" finished-at="2023-08-22T20:24:32 MDT" duration-ms="14946">
      <class name="com.inetbanking.testcases.TC_LoginTest_002">
        <test-method is-config="true" signature="setup(java.lang.String)[pri:0, instance:com.inetbanking.testcases.TC_LoginTest_002@93cf163]" started-at="2023-08-22T20:24:22 MDT" name="setup" finished-at="2023-08-22T20:24:28 MDT" duration-ms="5658" status="PASS">
          <params>
            <param index="0">
              <value>
                <![CDATA[firefox]]>
              </value>
            </param>
          </params>
          <reporter-output>
          </reporter-output>
        </test-method> <!-- setup -->
        <test-method signature="loginTest()[pri:0, instance:com.inetbanking.testcases.TC_LoginTest_002@93cf163]" started-at="2023-08-22T20:24:28 MDT" name="loginTest" finished-at="2023-08-22T20:24:29 MDT" duration-ms="1014" status="PASS">
          <reporter-output>
          </reporter-output>
        </test-method> <!-- loginTest -->
        <test-method is-config="true" signature="tearDown()[pri:0, instance:com.inetbanking.testcases.TC_LoginTest_002@93cf163]" started-at="2023-08-22T20:24:29 MDT" name="tearDown" finished-at="2023-08-22T20:24:32 MDT" duration-ms="2664" status="PASS">
          <reporter-output>
          </reporter-output>
        </test-method> <!-- tearDown -->
      </class> <!-- com.inetbanking.testcases.TC_LoginTest_002 -->
      <class name="com.inetbanking.testcases.TC_LoginTest_001">
        <test-method is-config="true" signature="setup(java.lang.String)[pri:0, instance:com.inetbanking.testcases.TC_LoginTest_001@76012793]" started-at="2023-08-22T20:24:17 MDT" name="setup" finished-at="2023-08-22T20:24:21 MDT" duration-ms="4137" status="PASS">
          <params>
            <param index="0">
              <value>
                <![CDATA[firefox]]>
              </value>
            </param>
          </params>
          <reporter-output>
          </reporter-output>
        </test-method> <!-- setup -->
        <test-method signature="loginTest()[pri:0, instance:com.inetbanking.testcases.TC_LoginTest_001@76012793]" started-at="2023-08-22T20:24:21 MDT" name="loginTest" finished-at="2023-08-22T20:24:21 MDT" duration-ms="394" status="PASS">
          <reporter-output>
          </reporter-output>
        </test-method> <!-- loginTest -->
        <test-method is-config="true" signature="tearDown()[pri:0, instance:com.inetbanking.testcases.TC_LoginTest_001@76012793]" started-at="2023-08-22T20:24:21 MDT" name="tearDown" finished-at="2023-08-22T20:24:22 MDT" duration-ms="967" status="PASS">
          <reporter-output>
          </reporter-output>
        </test-method> <!-- tearDown -->
      </class> <!-- com.inetbanking.testcases.TC_LoginTest_001 -->
    </test> <!-- BankingApp Test -->
  </suite> <!-- InetBankingV1 -->
</testng-results>
